{
  "stats": {
    "suites": 1,
    "tests": 2,
    "passes": 2,
    "pending": 0,
    "failures": 0,
    "start": "2022-05-11T08:16:41.187Z",
    "end": "2022-05-11T08:16:47.871Z",
    "duration": 6684,
    "testsRegistered": 2,
    "passPercent": 100,
    "pendingPercent": 0,
    "other": 0,
    "hasOther": false,
    "skipped": 0,
    "hasSkipped": false
  },
  "results": [
    {
      "uuid": "96e6cc9e-d74f-4186-9fa6-4ec0e9171c3d",
      "title": "",
      "fullFile": "cypress/integration/POM-Demo/LoginLogoutPages.js",
      "file": "cypress/integration/POM-Demo/LoginLogoutPages.js",
      "beforeHooks": [],
      "afterHooks": [],
      "tests": [],
      "suites": [
        {
          "uuid": "a524341c-7ec1-4b19-bd96-22df594f9c49",
          "title": "POM-demo-test",
          "fullFile": "",
          "file": "",
          "beforeHooks": [],
          "afterHooks": [],
          "tests": [
            {
              "title": "LoginTest",
              "fullTitle": "POM-demo-test LoginTest",
              "timedOut": null,
              "duration": 3375,
              "state": "passed",
              "speed": "fast",
              "pass": true,
              "fail": false,
              "pending": false,
              "context": null,
              "code": "login.VisitURL('https://www.saucedemo.com/');\nlogin.EnterUserName('standard_user');\nlogin.EnterPassword('secret_sauce');\nlogin.ClickLoginButton();\ncy.get('.title').should('contain.text', 'Products') //.should('have.text', 'Products')\n.then(logoName => {\n  cy.log(logoName.text());\n});",
              "err": {},
              "uuid": "da3cadd2-9038-4f0f-827f-1ae548f0d6b7",
              "parentUUID": "a524341c-7ec1-4b19-bd96-22df594f9c49",
              "isHook": false,
              "skipped": false
            },
            {
              "title": "LogOut_Test",
              "fullTitle": "POM-demo-test LogOut_Test",
              "timedOut": null,
              "duration": 706,
              "state": "passed",
              "speed": "fast",
              "pass": true,
              "fail": false,
              "pending": false,
              "context": null,
              "code": "logout.ClickLogout();\ncy.title().should('eq', 'Swag Labs');",
              "err": {},
              "uuid": "7331e47a-c5a0-4caf-b311-0f96e0fc54af",
              "parentUUID": "a524341c-7ec1-4b19-bd96-22df594f9c49",
              "isHook": false,
              "skipped": false
            }
          ],
          "suites": [],
          "passes": [
            "da3cadd2-9038-4f0f-827f-1ae548f0d6b7",
            "7331e47a-c5a0-4caf-b311-0f96e0fc54af"
          ],
          "failures": [],
          "pending": [],
          "skipped": [],
          "duration": 4081,
          "root": false,
          "rootEmpty": false,
          "_timeout": 2000
        }
      ],
      "passes": [],
      "failures": [],
      "pending": [],
      "skipped": [],
      "duration": 0,
      "root": true,
      "rootEmpty": true,
      "_timeout": 2000
    }
  ],
  "meta": {
    "mocha": {
      "version": "7.0.1"
    },
    "mochawesome": {
      "options": {
        "quiet": false,
        "reportFilename": "mochawesome",
        "saveHtml": false,
        "saveJson": true,
        "consoleReporter": "spec",
        "useInlineDiffs": false,
        "code": true
      },
      "version": "7.1.3"
    },
    "marge": {
      "options": {
        "reportDir": "cypress/report/.jsons",
        "charts": true,
        "reportPageTitle": "Silky_Project_Report",
        "overwrite": false,
        "html": false,
        "json": true
      },
      "version": "6.2.0"
    }
  }
}