{
  "stats": {
    "suites": 1,
    "tests": 2,
    "passes": 0,
    "pending": 0,
    "failures": 2,
    "start": "2022-05-11T08:11:41.241Z",
    "end": "2022-05-11T08:11:46.616Z",
    "duration": 5375,
    "testsRegistered": 2,
    "passPercent": 0,
    "pendingPercent": 0,
    "other": 0,
    "hasOther": false,
    "skipped": 0,
    "hasSkipped": false
  },
  "results": [
    {
      "uuid": "642b6511-90ab-4e8a-ae26-53f6c1ed3578",
      "title": "",
      "fullFile": "cypress/integration/POM-Demo/LoginLogoutPages.js",
      "file": "cypress/integration/POM-Demo/LoginLogoutPages.js",
      "beforeHooks": [],
      "afterHooks": [],
      "tests": [],
      "suites": [
        {
          "uuid": "521d119d-12b5-444f-b100-10dc59bb5a9f",
          "title": "POM-demo-test",
          "fullFile": "",
          "file": "",
          "beforeHooks": [],
          "afterHooks": [],
          "tests": [
            {
              "title": "LoginTest",
              "fullTitle": "POM-demo-test LoginTest",
              "timedOut": null,
              "duration": 699,
              "state": "failed",
              "speed": null,
              "pass": false,
              "fail": true,
              "pending": false,
              "context": null,
              "code": "login.VisitURL('https://www.saucedemo.com/');\nlogin.EnterUserName('standard_user');\nlogin.EnterPassword('secret_sauce');\nlogin.ClickLoginButton();\ncy.get('.title').should('contain.text', 'Products') //.should('have.text', 'Products')\n.then(logoName => {\n  cy.log(logoName.text());\n});",
              "err": {
                "message": "TypeError: login.VisitURL is not a function",
                "estack": "TypeError: login.VisitURL is not a function\n    at Context.eval (http://localhost:64091/__cypress/tests?p=cypress/integration/POM-Demo/LoginLogoutPages.js:153:11)",
                "diff": null
              },
              "uuid": "a752d921-6e64-4937-8a0a-ad8586da4aec",
              "parentUUID": "521d119d-12b5-444f-b100-10dc59bb5a9f",
              "isHook": false,
              "skipped": false
            },
            {
              "title": "LogOut_Test",
              "fullTitle": "POM-demo-test LogOut_Test",
              "timedOut": null,
              "duration": 4419,
              "state": "failed",
              "speed": null,
              "pass": false,
              "fail": true,
              "pending": false,
              "context": null,
              "code": "logout.ClickLogout();\ncy.title().should('eq', 'Swag Labs');",
              "err": {
                "message": "AssertionError: Timed out retrying after 4000ms: Expected to find element: `#logout_sidebar_link`, but never found it.",
                "estack": "AssertionError: Timed out retrying after 4000ms: Expected to find element: `#logout_sidebar_link`, but never found it.\n    at logOut.ClickLogout (http://localhost:64091/__cypress/tests?p=cypress/integration/POM-Demo/LoginLogoutPages.js:247:8)\n    at Context.eval (http://localhost:64091/__cypress/tests?p=cypress/integration/POM-Demo/LoginLogoutPages.js:163:12)",
                "diff": null
              },
              "uuid": "b91955e7-41d0-4719-95ef-863d6eab48f6",
              "parentUUID": "521d119d-12b5-444f-b100-10dc59bb5a9f",
              "isHook": false,
              "skipped": false
            }
          ],
          "suites": [],
          "passes": [],
          "failures": [
            "a752d921-6e64-4937-8a0a-ad8586da4aec",
            "b91955e7-41d0-4719-95ef-863d6eab48f6"
          ],
          "pending": [],
          "skipped": [],
          "duration": 5118,
          "root": false,
          "rootEmpty": false,
          "_timeout": 2000
        }
      ],
      "passes": [],
      "failures": [],
      "pending": [],
      "skipped": [],
      "duration": 0,
      "root": true,
      "rootEmpty": true,
      "_timeout": 2000
    }
  ],
  "meta": {
    "mocha": {
      "version": "7.0.1"
    },
    "mochawesome": {
      "options": {
        "quiet": false,
        "reportFilename": "mochawesome",
        "saveHtml": false,
        "saveJson": true,
        "consoleReporter": "spec",
        "useInlineDiffs": false,
        "code": true
      },
      "version": "7.1.3"
    },
    "marge": {
      "options": {
        "reportDir": "cypress/report/.jsons",
        "charts": true,
        "reportPageTitle": "Silky_Project_Report",
        "overwrite": false,
        "html": false,
        "json": true
      },
      "version": "6.2.0"
    }
  }
}