{
  "stats": {
    "suites": 1,
    "tests": 2,
    "passes": 0,
    "pending": 0,
    "failures": 2,
    "start": "2022-05-11T07:31:42.170Z",
    "end": "2022-05-11T07:31:47.832Z",
    "duration": 5662,
    "testsRegistered": 2,
    "passPercent": 0,
    "pendingPercent": 0,
    "other": 0,
    "hasOther": false,
    "skipped": 0,
    "hasSkipped": false
  },
  "results": [
    {
      "uuid": "3c426c17-5dbd-4385-bb63-b5658a51567a",
      "title": "",
      "fullFile": "cypress/integration/POM-Demo/LoginLogoutPages.js",
      "file": "cypress/integration/POM-Demo/LoginLogoutPages.js",
      "beforeHooks": [],
      "afterHooks": [],
      "tests": [],
      "suites": [
        {
          "uuid": "b19e0592-14e2-4833-b90f-5ea703eded59",
          "title": "POM-demo-test",
          "fullFile": "",
          "file": "",
          "beforeHooks": [],
          "afterHooks": [],
          "tests": [
            {
              "title": "LoginTest",
              "fullTitle": "POM-demo-test LoginTest",
              "timedOut": null,
              "duration": 1033,
              "state": "failed",
              "speed": null,
              "pass": false,
              "fail": true,
              "pending": false,
              "context": null,
              "code": "login.VisitURL('https://www.saucedemo.com/');\nlogin.EnterUserName('standard_user');\nlogin.EnterPassword('secret_sauce');\nlogin.ClickLoginButton();\ncy.get('.title').should('contain.text', 'Products') //.should('have.text', 'Products')\n.then(logoName => {\n  cy.log(logoName.text());\n});",
              "err": {
                "message": "TypeError: login.VisitURL is not a function",
                "estack": "TypeError: login.VisitURL is not a function\n    at Context.eval (http://localhost:60144/__cypress/tests?p=cypress/integration/POM-Demo/LoginLogoutPages.js:153:11)",
                "diff": null
              },
              "uuid": "f40f1aaa-e987-4173-90cf-5ef78841de38",
              "parentUUID": "b19e0592-14e2-4833-b90f-5ea703eded59",
              "isHook": false,
              "skipped": false
            },
            {
              "title": "LogOut_Test",
              "fullTitle": "POM-demo-test LogOut_Test",
              "timedOut": null,
              "duration": 4295,
              "state": "failed",
              "speed": null,
              "pass": false,
              "fail": true,
              "pending": false,
              "context": null,
              "code": "logout.ClickLogout();\ncy.title().should('eq', 'Swag Labs');",
              "err": {
                "message": "AssertionError: Timed out retrying after 4000ms: Expected to find element: `#logout_sidebar_link`, but never found it.",
                "estack": "AssertionError: Timed out retrying after 4000ms: Expected to find element: `#logout_sidebar_link`, but never found it.\n    at logOut.ClickLogout (http://localhost:60144/__cypress/tests?p=cypress/integration/POM-Demo/LoginLogoutPages.js:247:8)\n    at Context.eval (http://localhost:60144/__cypress/tests?p=cypress/integration/POM-Demo/LoginLogoutPages.js:163:12)",
                "diff": null
              },
              "uuid": "ed7578f4-aafc-4deb-835c-de49738722b9",
              "parentUUID": "b19e0592-14e2-4833-b90f-5ea703eded59",
              "isHook": false,
              "skipped": false
            }
          ],
          "suites": [],
          "passes": [],
          "failures": [
            "f40f1aaa-e987-4173-90cf-5ef78841de38",
            "ed7578f4-aafc-4deb-835c-de49738722b9"
          ],
          "pending": [],
          "skipped": [],
          "duration": 5328,
          "root": false,
          "rootEmpty": false,
          "_timeout": 2000
        }
      ],
      "passes": [],
      "failures": [],
      "pending": [],
      "skipped": [],
      "duration": 0,
      "root": true,
      "rootEmpty": true,
      "_timeout": 2000
    }
  ],
  "meta": {
    "mocha": {
      "version": "7.0.1"
    },
    "mochawesome": {
      "options": {
        "quiet": false,
        "reportFilename": "mochawesome",
        "saveHtml": false,
        "saveJson": true,
        "consoleReporter": "spec",
        "useInlineDiffs": false,
        "code": true
      },
      "version": "7.1.3"
    },
    "marge": {
      "options": {
        "reportDir": "cypress/report/.jsons",
        "charts": true,
        "reportPageTitle": "Silky_Project_Report",
        "overwrite": false,
        "html": false,
        "json": true
      },
      "version": "6.2.0"
    }
  }
}