{
  "stats": {
    "suites": 1,
    "tests": 4,
    "passes": 4,
    "pending": 0,
    "failures": 0,
    "start": "2022-05-12T09:50:57.016Z",
    "end": "2022-05-12T09:51:09.937Z",
    "duration": 12921,
    "testsRegistered": 4,
    "passPercent": 100,
    "pendingPercent": 0,
    "other": 0,
    "hasOther": false,
    "skipped": 0,
    "hasSkipped": false
  },
  "results": [
    {
      "uuid": "49f1a011-7c8f-46e4-bcc3-4e7c72a6d70e",
      "title": "",
      "fullFile": "cypress/integration/Updated/GlobalVariable.spec.js",
      "file": "cypress/integration/Updated/GlobalVariable.spec.js",
      "beforeHooks": [],
      "afterHooks": [],
      "tests": [],
      "suites": [
        {
          "uuid": "8d681ad7-2a8e-4ca0-839a-fd66293e992b",
          "title": "Setting global variable",
          "fullFile": "",
          "file": "",
          "beforeHooks": [],
          "afterHooks": [],
          "tests": [
            {
              "title": "Valid username and Valid password",
              "fullTitle": "Setting global variable Valid username and Valid password",
              "timedOut": null,
              "duration": 3347,
              "state": "passed",
              "speed": "fast",
              "pass": true,
              "fail": false,
              "pending": false,
              "context": null,
              "code": "cy.visit(Cypress.env('url'));\ncy.get('[data-test=\"username\"]').type(this.data.standardUsername);\ncy.get('[data-test=\"password\"]').type(this.data.systemPassword);\ncy.get('[data-test=\"login-button\"]').click();\ncy.get('.title').should('contain.text', 'Products');",
              "err": {},
              "uuid": "c104afe8-5213-44a9-b0fb-108aaf86d235",
              "parentUUID": "8d681ad7-2a8e-4ca0-839a-fd66293e992b",
              "isHook": false,
              "skipped": false
            },
            {
              "title": "inValid username and valid password",
              "fullTitle": "Setting global variable inValid username and valid password",
              "timedOut": null,
              "duration": 1679,
              "state": "passed",
              "speed": "fast",
              "pass": true,
              "fail": false,
              "pending": false,
              "context": null,
              "code": "cy.visit('https://www.saucedemo.com/');\ncy.get('[data-test=\"username\"]').type(this.data.dummyUser);\ncy.get('[data-test=\"password\"]').type(this.data.systemPassword);\ncy.get('[data-test=\"login-button\"]').click();\ncy.get('[data-test=\"error\"]').should('contain.text', 'Epic sadface: Username and password do not match any user in this service');",
              "err": {},
              "uuid": "36ce6024-1e0a-4cf1-ac53-90ac23328519",
              "parentUUID": "8d681ad7-2a8e-4ca0-839a-fd66293e992b",
              "isHook": false,
              "skipped": false
            },
            {
              "title": "Blocked Username and valid Password",
              "fullTitle": "Setting global variable Blocked Username and valid Password",
              "timedOut": null,
              "duration": 2137,
              "state": "passed",
              "speed": "fast",
              "pass": true,
              "fail": false,
              "pending": false,
              "context": null,
              "code": "cy.visit('https://www.saucedemo.com/');\ncy.get('[data-test=\"username\"]').type(this.data.lockedOutUser);\ncy.get('[data-test=\"password\"]').type(this.data.systemPassword);\ncy.get('[data-test=\"login-button\"]').click();\ncy.get('[data-test=\"error\"]').should('contain.text', 'Epic sadface: Sorry, this user has been locked out.');",
              "err": {},
              "uuid": "ca94db45-4158-4716-85ba-d3a7fbb4b999",
              "parentUUID": "8d681ad7-2a8e-4ca0-839a-fd66293e992b",
              "isHook": false,
              "skipped": false
            },
            {
              "title": "inValid username and invalid password",
              "fullTitle": "Setting global variable inValid username and invalid password",
              "timedOut": null,
              "duration": 3270,
              "state": "passed",
              "speed": "fast",
              "pass": true,
              "fail": false,
              "pending": false,
              "context": null,
              "code": "cy.visit('https://www.saucedemo.com/');\ncy.get('[data-test=\"username\"]').type(this.data.dummyUser);\ncy.get('[data-test=\"password\"]').type(this.data.dummyPassword);\ncy.get('[data-test=\"login-button\"]').click();\ncy.get('[data-test=\"error\"]').should('contain.text', 'Epic sadface: Username and password do not match any user in this service');",
              "err": {},
              "uuid": "48af332c-ce04-4b5c-9236-b7dbe0518271",
              "parentUUID": "8d681ad7-2a8e-4ca0-839a-fd66293e992b",
              "isHook": false,
              "skipped": false
            }
          ],
          "suites": [],
          "passes": [
            "c104afe8-5213-44a9-b0fb-108aaf86d235",
            "36ce6024-1e0a-4cf1-ac53-90ac23328519",
            "ca94db45-4158-4716-85ba-d3a7fbb4b999",
            "48af332c-ce04-4b5c-9236-b7dbe0518271"
          ],
          "failures": [],
          "pending": [],
          "skipped": [],
          "duration": 10433,
          "root": false,
          "rootEmpty": false,
          "_timeout": 2000
        }
      ],
      "passes": [],
      "failures": [],
      "pending": [],
      "skipped": [],
      "duration": 0,
      "root": true,
      "rootEmpty": true,
      "_timeout": 2000
    }
  ],
  "meta": {
    "mocha": {
      "version": "7.0.1"
    },
    "mochawesome": {
      "options": {
        "quiet": false,
        "reportFilename": "mochawesome",
        "saveHtml": true,
        "saveJson": true,
        "consoleReporter": "spec",
        "useInlineDiffs": false,
        "code": true
      },
      "version": "7.1.3"
    },
    "marge": {
      "options": {
        "reportDir": "cypress/report",
        "charts": true,
        "reportPageTitle": "Silky Demo report"
      },
      "version": "6.2.0"
    }
  }
}